\BOOKMARK [0][-]{chapter.1}{\376\377\000M\036\337\000\040\001\021\036\247\000u}{}% 1
\BOOKMARK [1][-]{section.1.1}{\376\377\000L\000\375\000\040\000d\000o\000\040\000c\000h\036\315\000n\000\040\001\021\036\301\000\040\000t\000\340\000i}{chapter.1}% 2
\BOOKMARK [1][-]{section.1.2}{\376\377\000M\036\345\000c\000\040\000t\000i\000\352\000u\000\040\000n\000g\000h\000i\000\352\000n\000\040\000c\036\351\000u}{chapter.1}% 3
\BOOKMARK [1][-]{section.1.3}{\376\377\000P\000h\036\241\000m\000\040\000v\000i\000\040\000n\000g\000h\000i\000\352\000n\000\040\000c\036\351\000u}{chapter.1}% 4
\BOOKMARK [1][-]{section.1.4}{\376\377\000P\000h\001\260\001\241\000n\000g\000\040\000p\000h\000\341\000p\000\040\000n\000g\000h\000i\000\352\000n\000\040\000c\036\351\000u}{chapter.1}% 5
\BOOKMARK [1][-]{section.1.5}{\376\377\000B\036\321\000\040\000c\036\345\000c\000\040\000b\000\341\000o\000\040\000c\000\341\000o}{chapter.1}% 6
\BOOKMARK [0][-]{chapter.2}{\376\377\000T\036\325\000n\000g\000\040\000q\000u\000a\000n\000\040\000v\036\301\000\040\001\021\000i\036\307\000n\000\040\000t\000o\000\341\000n\000\040\001\021\000\341\000m\000\040\000m\000\342\000y}{}% 7
\BOOKMARK [1][-]{section.2.1}{\376\377\000K\000h\000\341\000i\000\040\000n\000i\036\307\000m\000\040\001\021\000i\036\307\000n\000\040\000t\000o\000\341\000n\000\040\001\021\000\341\000m\000\040\000m\000\342\000y}{chapter.2}% 8
\BOOKMARK [1][-]{section.2.2}{\376\377\000C\000\341\000c\000\040\000m\000\364\000\040\000h\000\354\000n\000h\000\040\000d\036\313\000c\000h\000\040\000v\036\345}{chapter.2}% 9
\BOOKMARK [2][-]{subsection.2.2.1}{\376\377\000I\000a\000a\000S}{section.2.2}% 10
\BOOKMARK [2][-]{subsection.2.2.2}{\376\377\000P\000a\000a\000S}{section.2.2}% 11
\BOOKMARK [2][-]{subsection.2.2.3}{\376\377\000S\000a\000a\000S}{section.2.2}% 12
\BOOKMARK [1][-]{section.2.3}{\376\377\000C\000\341\000c\000\040\000m\000\364\000\040\000h\000\354\000n\000h\000\040\000t\000r\000i\036\303\000n\000\040\000k\000h\000a\000i}{chapter.2}% 13
\BOOKMARK [1][-]{section.2.4}{\376\377\000S\000h\000a\000r\000e\000d\000\040\000R\000e\000s\000p\000o\000n\000s\000i\000b\000i\000l\000i\000t\000y\000\040\000M\000o\000d\000e\000l}{chapter.2}% 14
\BOOKMARK [1][-]{section.2.5}{\376\377\000V\000a\000i\000\040\000t\000r\000\362\000\040\000c\036\347\000a\000\040\000c\000l\000o\000u\000d\000\040\000t\000r\000o\000n\000g\000\040\000d\000o\000a\000n\000h\000\040\000n\000g\000h\000i\036\307\000p}{chapter.2}% 15
\BOOKMARK [0][-]{chapter.3}{\376\377\000C\000\341\000c\000\040\000n\000g\000u\000y\000\040\000c\001\241\000\040\000a\000n\000\040\000t\000o\000\340\000n\000\040\000t\000h\000\364\000n\000g\000\040\000t\000i\000n\000\040\000t\000r\000\352\000n\000\040\001\021\000i\036\307\000n\000\040\000t\000o\000\341\000n\000\040\001\021\000\341\000m\000\040\000m\000\342\000y}{}% 16
\BOOKMARK [1][-]{section.3.1}{\376\377\000M\000\364\000\040\000h\000\354\000n\000h\000\040\000C\000I\000A}{chapter.3}% 17
\BOOKMARK [1][-]{section.3.2}{\376\377\000R\000\362\000\040\000r\036\311\000\040\000d\036\357\000\040\000l\000i\036\307\000u}{chapter.3}% 18
\BOOKMARK [1][-]{section.3.3}{\376\377\000C\036\245\000u\000\040\000h\000\354\000n\000h\000\040\000s\000a\000i}{chapter.3}% 19
\BOOKMARK [1][-]{section.3.4}{\376\377\000A\000P\000I\000\040\000k\000h\000\364\000n\000g\000\040\000a\000n\000\040\000t\000o\000\340\000n}{chapter.3}% 20
\BOOKMARK [1][-]{section.3.5}{\376\377\000Q\000u\036\243\000n\000\040\000l\000\375\000\040\001\021\036\313\000n\000h\000\040\000d\000a\000n\000h\000\040\000y\036\277\000u\000\040\000k\000\351\000m}{chapter.3}% 21
\BOOKMARK [1][-]{section.3.6}{\376\377\000M\036\321\000i\000\040\001\021\000e\000\040\000d\036\315\000a\000\040\000n\036\331\000i\000\040\000b\036\331}{chapter.3}% 22
\BOOKMARK [1][-]{section.3.7}{\376\377\000L\036\327\000\040\000h\036\325\000n\000g\000\040\000c\000\364\000n\000g\000\040\000n\000g\000h\036\307\000\040\000d\000\371\000n\000g\000\040\000c\000h\000u\000n\000g}{chapter.3}% 23
\BOOKMARK [1][-]{section.3.8}{\376\377\000T\036\245\000n\000\040\000c\000\364\000n\000g\000\040\000t\036\353\000\040\000c\000h\036\321\000i\000\040\000d\036\313\000c\000h\000\040\000v\036\345}{chapter.3}% 24
\BOOKMARK [0][-]{chapter.4}{\376\377\000C\000\341\000c\000\040\000c\001\241\000\040\000c\000h\036\277\000\040\000b\036\243\000o\000\040\000m\036\255\000t\000\040\000t\000r\000\352\000n\000\040\000C\000l\000o\000u\000d}{}% 25
\BOOKMARK [1][-]{section.4.1}{\376\377\000B\036\243\000o\000\040\000v\036\307\000\040\000d\036\357\000\040\000l\000i\036\307\000u\000\040\000b\036\261\000n\000g\000\040\000m\036\255\000t\000\040\000m\000\343\000\040\000h\036\315\000c}{chapter.4}% 26
\BOOKMARK [1][-]{section.4.2}{\376\377\000Q\000u\036\243\000n\000\040\000l\000\375\000\040\000k\000h\000\363\000a\000\040\000v\000\340\000\040\000c\000h\036\351\000n\000g\000\040\000t\000h\001\260\000\040\000s\036\321}{chapter.4}% 27
\BOOKMARK [1][-]{section.4.3}{\376\377\000Q\000u\036\243\000n\000\040\000l\000\375\000\040\001\021\036\313\000n\000h\000\040\000d\000a\000n\000h\000\040\000v\000\340\000\040\000k\000i\036\303\000m\000\040\000s\000o\000\341\000t\000\040\000t\000r\000u\000y\000\040\000c\036\255\000p}{chapter.4}% 28
\BOOKMARK [1][-]{section.4.4}{\376\377\000B\036\243\000o\000\040\000m\036\255\000t\000\040\000m\036\241\000n\000g\000\040\000v\000\340\000\040\036\351\000n\000g\000\040\000d\036\345\000n\000g}{chapter.4}% 29
\BOOKMARK [1][-]{section.4.5}{\376\377\000G\000i\000\341\000m\000\040\000s\000\341\000t\000\040\000v\000\340\000\040\036\351\000n\000g\000\040\000p\000h\000\363\000\040\000s\036\361\000\040\000c\036\321}{chapter.4}% 30
\BOOKMARK [1][-]{section.4.6}{\376\377\000C\000\341\000c\000\040\000m\000\364\000\040\000h\000\354\000n\000h\000\040\000b\036\243\000o\000\040\000m\036\255\000t\000\040\000h\000i\036\307\000n\000\040\001\021\036\241\000i}{chapter.4}% 31
\BOOKMARK [0][-]{chapter.5}{\376\377\000Q\000u\036\243\000n\000\040\000l\000\375\000\040\000r\036\347\000i\000\040\000r\000o\000\040\000v\000\340\000\040\000t\000u\000\342\000n\000\040\000t\000h\036\347\000\040\000t\000r\000o\000n\000g\000\040\001\021\000i\036\307\000n\000\040\000t\000o\000\341\000n\000\040\001\021\000\341\000m\000\040\000m\000\342\000y}{}% 32
\BOOKMARK [1][-]{section.5.1}{\376\377\000Q\000u\000y\000\040\000t\000r\000\354\000n\000h\000\040\000q\000u\036\243\000n\000\040\000l\000\375\000\040\000r\036\347\000i\000\040\000r\000o}{chapter.5}% 33
\BOOKMARK [1][-]{section.5.2}{\376\377\000C\000\341\000c\000\040\000t\000i\000\352\000u\000\040\000c\000h\000u\036\251\000n\000\040\000v\000\340\000\040\000k\000h\000u\000n\000g\000\040\000t\000h\000a\000m\000\040\000c\000h\000i\036\277\000u}{chapter.5}% 34
\BOOKMARK [1][-]{section.5.3}{\376\377\000B\036\243\000o\000\040\000v\036\307\000\040\000d\036\357\000\040\000l\000i\036\307\000u\000\040\000c\000\341\000\040\000n\000h\000\342\000n\000\040\000v\000\340\000\040\000y\000\352\000u\000\040\000c\036\247\000u\000\040\000p\000h\000\341\000p\000\040\000l\000\375}{chapter.5}% 35
\BOOKMARK [1][-]{section.5.4}{\376\377\000C\000\341\000c\000\040\000c\000h\036\311\000\040\000s\036\321\000\040\001\021\000\341\000n\000h\000\040\000g\000i\000\341\000\040\000h\000i\036\307\000u\000\040\000q\000u\036\243\000\040\000b\036\243\000o\000\040\000m\036\255\000t}{chapter.5}% 36
\BOOKMARK [0][-]{chapter.6}{\376\377\000N\000g\000h\000i\000\352\000n\000\040\000c\036\351\000u\000\040\000t\000\354\000n\000h\000\040\000h\000u\036\321\000n\000g\000:\000\040\000C\000l\000o\000u\000d\000\040\000S\000e\000c\000u\000r\000i\000t\000y\000\040\000D\000e\000m\000o}{}% 37
\BOOKMARK [1][-]{section.6.1}{\376\377\000M\000\364\000\040\000t\036\243\000\040\000b\000\340\000i\000\040\000t\000o\000\341\000n}{chapter.6}% 38
\BOOKMARK [1][-]{section.6.2}{\376\377\000K\000i\036\277\000n\000\040\000t\000r\000\372\000c\000\040\000h\036\307\000\040\000t\000h\036\321\000n\000g\000\040\001\021\036\301\000\040\000x\000u\036\245\000t}{chapter.6}% 39
\BOOKMARK [1][-]{section.6.3}{\376\377\000T\000\340\000i\000\040\000s\036\243\000n\000\040\000c\036\247\000n\000\040\000b\036\243\000o\000\040\000v\036\307}{chapter.6}% 40
\BOOKMARK [1][-]{section.6.4}{\376\377\000P\000h\000\342\000n\000\040\000t\000\355\000c\000h\000\040\000m\036\321\000i\000\040\001\021\000e\000\040\000d\036\315\000a\000\040\000t\000h\000e\000o\000\040\000S\000T\000R\000I\000D\000E}{chapter.6}% 41
\BOOKMARK [1][-]{section.6.5}{\376\377\000K\036\313\000c\000h\000\040\000b\036\243\000n\000\040\0001\000:\000\040\000P\000u\000b\000l\000i\000c\000\040\000S\000t\000o\000r\000a\000g\000e\000\040\000B\000u\000c\000k\000e\000t}{chapter.6}% 42
\BOOKMARK [1][-]{section.6.6}{\376\377\000K\036\313\000c\000h\000\040\000b\036\243\000n\000\040\0002\000:\000\040\000I\000A\000M\000\040\000M\000i\000s\000c\000o\000n\000f\000i\000g\000u\000r\000a\000t\000i\000o\000n}{chapter.6}% 43
\BOOKMARK [1][-]{section.6.7}{\376\377\000K\036\313\000c\000h\000\040\000b\036\243\000n\000\040\0003\000:\000\040\000C\000r\000e\000d\000e\000n\000t\000i\000a\000l\000\040\000L\000e\000a\000k\000a\000g\000e}{chapter.6}% 44
\BOOKMARK [1][-]{section.6.8}{\376\377\000B\000i\036\307\000n\000\040\000p\000h\000\341\000p\000\040\000k\000h\036\257\000c\000\040\000p\000h\036\345\000c}{chapter.6}% 45
\BOOKMARK [1][-]{section.6.9}{\376\377\001\020\000\341\000n\000h\000\040\000g\000i\000\341\000\040\000k\036\277\000t\000\040\000q\000u\036\243}{chapter.6}% 46
\BOOKMARK [0][-]{chapter.7}{\376\377\000K\036\277\000t\000\040\000l\000u\036\255\000n\000\040\000v\000\340\000\040\000h\001\260\036\333\000n\000g\000\040\000p\000h\000\341\000t\000\040\000t\000r\000i\036\303\000n}{}% 47
\BOOKMARK [1][-]{section.7.1}{\376\377\000T\036\325\000n\000g\000\040\000k\036\277\000t\000\040\000k\036\277\000t\000\040\000q\000u\036\243\000\040\000n\000g\000h\000i\000\352\000n\000\040\000c\036\351\000u}{chapter.7}% 48
\BOOKMARK [1][-]{section.7.2}{\376\377\000K\000h\000u\000y\036\277\000n\000\040\000n\000g\000h\036\313\000\040\000c\000h\000o\000\040\000d\000o\000a\000n\000h\000\040\000n\000g\000h\000i\036\307\000p}{chapter.7}% 49
\BOOKMARK [1][-]{section.7.3}{\376\377\000H\036\241\000n\000\040\000c\000h\036\277\000\040\000c\036\347\000a\000\040\000n\000g\000h\000i\000\352\000n\000\040\000c\036\351\000u}{chapter.7}% 50
\BOOKMARK [1][-]{section.7.4}{\376\377\000H\001\260\036\333\000n\000g\000\040\000p\000h\000\341\000t\000\040\000t\000r\000i\036\303\000n}{chapter.7}% 51
\BOOKMARK [0][-]{appendix.A}{\376\377\000P\000h\036\345\000\040\000l\036\345\000c}{}% 52
\BOOKMARK [1][-]{section.A.1}{\376\377\000T\000\340\000i\000\040\000k\000h\000o\036\243\000n\000\040\000v\000\340\000\040\001\021\036\313\000a\000\040\000c\000h\036\311\000\040\000d\000e\000m\000o}{appendix.A}% 53
\BOOKMARK [1][-]{section.A.2}{\376\377\000M\036\331\000t\000\040\000s\036\321\000\040\000l\036\307\000n\000h\000\040\000k\000i\036\303\000m\000\040\000t\000h\036\355}{appendix.A}% 54
